<?xml version="1.0" encoding="UTF-8"?>
<testsuite name="TestSuite" time="12.248" tests="5" errors="0" skipped="0" failures="2">
  <properties>
[...]
</properties>
  <testcase name="test_createItem" classname="org.challenge.TestFrontEnd" time="2.377">
    <failure message="Create Item button is not enabled. did not expect to find [true] but found [false]" type="java.lang.AssertionError">java.lang.AssertionError: Create Item button is not enabled. did not expect to find [true] but found [false]
	at org.testng.Assert.fail(Assert.java:97)
	at org.testng.Assert.failNotEquals(Assert.java:969)
	at org.testng.Assert.assertTrue(Assert.java:43)
	at org.challenge.TestFrontEnd.test_createItem(TestFrontEnd.java:47)
</failure>
    <system-out><![CDATA[[TestNGContentHandler] [WARN] It is strongly recommended to add "<!DOCTYPE suite SYSTEM "https://testng.org/testng-1.0.dtd" >" at the top of your file, otherwise TestNG may fail or not work as expected.
]]></system-out>
    <system-err><![CDATA[Starting ChromeDriver 83.0.4103.39 (ccbf011cb2d2b19b506d844400483861342c20cd-refs/branch-heads/4103@{#416}) on port 37384
Only local connections are allowed.
Please see https://chromedriver.chromium.org/security-considerations for suggestions on keeping ChromeDriver safe.
ChromeDriver was started successfully.
[1595711360.330][WARNING]: This version of ChromeDriver has not been tested with Chrome version 84.
jul 25, 2020 6:09:24 PM org.openqa.selenium.remote.ProtocolHandshake createSession
INFORMACIÓN: Detected dialect: W3C
]]></system-err>
  </testcase>
  <testcase name="test_deleteItem" classname="org.challenge.TestFrontEnd" time="0.525">
    <failure message="Not found the card to delete with text: Stranger Things - Simpsons Style 200725060910 expected object to not be null" type="java.lang.AssertionError">java.lang.AssertionError: Not found the card to delete with text: Stranger Things - Simpsons Style 200725060910 expected object to not be null
	at org.testng.Assert.fail(Assert.java:97)
	at org.testng.Assert.assertNotNull(Assert.java:874)
	at org.challenge.TestFrontEnd.test_deleteItem(TestFrontEnd.java:97)
</failure>
    <system-err><![CDATA[Starting ChromeDriver 83.0.4103.39 (ccbf011cb2d2b19b506d844400483861342c20cd-refs/branch-heads/4103@{#416}) on port 12662
Only local connections are allowed.
Please see https://chromedriver.chromium.org/security-considerations for suggestions on keeping ChromeDriver safe.
ChromeDriver was started successfully.
[1595711379.284][WARNING]: This version of ChromeDriver has not been tested with Chrome version 84.
jul 25, 2020 6:09:41 PM org.openqa.selenium.remote.ProtocolHandshake createSession
INFORMACIÓN: Detected dialect: W3C
]]></system-err>
  </testcase>
  <testcase name="test_editItem" classname="org.challenge.TestFrontEnd" time="1.281"/>
  <testcase name="test_findItemWithText" classname="org.challenge.TestFrontEnd" time="0.324"/>
  <testcase name="test_maxDescription" classname="org.challenge.TestFrontEnd" time="7.741"/>
</testsuite>